[debug] [2022-05-30T09:15:03.707Z] ----------------------------------------------------------------------
[debug] [2022-05-30T09:15:03.711Z] Command:       C:\Program Files\nodejs\node.exe C:\Users\PC\AppData\Roaming\npm\node_modules\firebase-tools\lib\bin\firebase.js init
[debug] [2022-05-30T09:15:03.713Z] CLI Version:   11.0.1
[debug] [2022-05-30T09:15:03.713Z] Platform:      win32
[debug] [2022-05-30T09:15:03.713Z] Node Version:  v16.13.2
[debug] [2022-05-30T09:15:03.738Z] Time:          Mon May 30 2022 15:15:03 GMT+0600 (Bangladesh Standard Time)
[debug] [2022-05-30T09:15:03.739Z] ----------------------------------------------------------------------
[debug] 
[debug] [2022-05-30T09:15:03.995Z] > command requires scopes: ["email","openid","https://www.googleapis.com/auth/cloudplatformprojects.readonly","https://www.googleapis.com/auth/firebase","https://www.googleapis.com/auth/cloud-platform"]
[debug] [2022-05-30T09:15:03.996Z] > authorizing via signed-in user (asrafuddinbasir0@gmail.com)
[info] 
     ######## #### ########  ######## ########     ###     ######  ########
     ##        ##  ##     ## ##       ##     ##  ##   ##  ##       ##
     ######    ##  ########  ######   ########  #########  ######  ######
     ##        ##  ##    ##  ##       ##     ## ##     ##       ## ##
     ##       #### ##     ## ######## ########  ##     ##  ######  ########

You're about to initialize a Firebase project in this directory:

  M:\computer-parts\cline-side

Before we get started, keep in mind:

  * You are initializing within an existing Firebase project directory

[info] 
=== Project Setup
[info] 
[info] First, let's associate this project directory with a Firebase project.
[info] You can create multiple project aliases by running firebase use --add, 
[info] but for now we'll just set up a default project.
[info] 
[debug] [2022-05-30T09:15:36.677Z] Using project from CLI flag: computer-info-parts
[debug] [2022-05-30T09:15:36.691Z] >>> [apiv2][query] GET https://firebase.googleapis.com/v1beta1/projects/computer-info-parts [none]
[debug] [2022-05-30T09:15:37.514Z] <<< [apiv2][status] GET https://firebase.googleapis.com/v1beta1/projects/computer-info-parts 403
[debug] [2022-05-30T09:15:37.515Z] <<< [apiv2][body] GET https://firebase.googleapis.com/v1beta1/projects/computer-info-parts {"error":{"code":403,"message":"The caller does not have permission","status":"PERMISSION_DENIED"}}
[debug] [2022-05-30T09:15:37.516Z] HTTP Error: 403, The caller does not have permission
[debug] [2022-05-30T09:15:37.923Z] FirebaseError: HTTP Error: 403, The caller does not have permission
    at module.exports (C:\Users\PC\AppData\Roaming\npm\node_modules\firebase-tools\lib\responseToError.js:47:12)
    at RetryOperation._fn (C:\Users\PC\AppData\Roaming\npm\node_modules\firebase-tools\lib\apiv2.js:286:39)
    at processTicksAndRejections (node:internal/process/task_queues:96:5)
[error] 
[error] Error: Failed to get Firebase project computer-info-parts. Please make sure the project exists and your account has permission to access it.
[debug] [2022-05-30T09:16:09.806Z] ----------------------------------------------------------------------
[debug] [2022-05-30T09:16:09.814Z] Command:       C:\Program Files\nodejs\node.exe C:\Users\PC\AppData\Roaming\npm\node_modules\firebase-tools\lib\bin\firebase.js init
[debug] [2022-05-30T09:16:09.816Z] CLI Version:   11.0.1
[debug] [2022-05-30T09:16:09.816Z] Platform:      win32
[debug] [2022-05-30T09:16:09.816Z] Node Version:  v16.13.2
[debug] [2022-05-30T09:16:09.818Z] Time:          Mon May 30 2022 15:16:09 GMT+0600 (Bangladesh Standard Time)
[debug] [2022-05-30T09:16:09.819Z] ----------------------------------------------------------------------
[debug] 
[debug] [2022-05-30T09:16:10.104Z] > command requires scopes: ["email","openid","https://www.googleapis.com/auth/cloudplatformprojects.readonly","https://www.googleapis.com/auth/firebase","https://www.googleapis.com/auth/cloud-platform"]
[debug] [2022-05-30T09:16:10.106Z] > authorizing via signed-in user (asrafuddinbasir0@gmail.com)
[info] 
     ######## #### ########  ######## ########     ###     ######  ########
     ##        ##  ##     ## ##       ##     ##  ##   ##  ##       ##
     ######    ##  ########  ######   ########  #########  ######  ######
     ##        ##  ##    ##  ##       ##     ## ##     ##       ## ##
     ##       #### ##     ## ######## ########  ##     ##  ######  ########

You're about to initialize a Firebase project in this directory:

  M:\computer-parts\cline-side

Before we get started, keep in mind:

  * You are initializing within an existing Firebase project directory

[info] 
=== Project Setup
[info] 
[info] First, let's associate this project directory with a Firebase project.
[info] You can create multiple project aliases by running firebase use --add, 
[info] but for now we'll just set up a default project.
[info] 
[debug] [2022-05-30T09:16:19.463Z] Using project from CLI flag: computer-info-parts
[debug] [2022-05-30T09:16:19.479Z] >>> [apiv2][query] GET https://firebase.googleapis.com/v1beta1/projects/computer-info-parts [none]
[debug] [2022-05-30T09:16:20.153Z] <<< [apiv2][status] GET https://firebase.googleapis.com/v1beta1/projects/computer-info-parts 403
[debug] [2022-05-30T09:16:20.153Z] <<< [apiv2][body] GET https://firebase.googleapis.com/v1beta1/projects/computer-info-parts {"error":{"code":403,"message":"The caller does not have permission","status":"PERMISSION_DENIED"}}
[debug] [2022-05-30T09:16:20.155Z] HTTP Error: 403, The caller does not have permission
[debug] [2022-05-30T09:16:20.553Z] FirebaseError: HTTP Error: 403, The caller does not have permission
    at module.exports (C:\Users\PC\AppData\Roaming\npm\node_modules\firebase-tools\lib\responseToError.js:47:12)
    at RetryOperation._fn (C:\Users\PC\AppData\Roaming\npm\node_modules\firebase-tools\lib\apiv2.js:286:39)
    at processTicksAndRejections (node:internal/process/task_queues:96:5)
[error] 
[error] Error: Failed to get Firebase project computer-info-parts. Please make sure the project exists and your account has permission to access it.
